0 info it worked if it ends with ok
1 verbose cli [ '/Users/macuser/.nvm/v0.10.26/bin/node',
1 verbose cli   '/Users/macuser/.nvm/v0.10.26/bin/npm',
1 verbose cli   'install',
1 verbose cli   '-g',
1 verbose cli   'grunt-cli' ]
2 info using npm@1.4.3
3 info using node@v0.10.26
4 verbose cache add [ 'grunt-cli', null ]
5 verbose cache add name=undefined spec="grunt-cli" args=["grunt-cli",null]
6 verbose parsed url { protocol: null,
6 verbose parsed url   slashes: null,
6 verbose parsed url   auth: null,
6 verbose parsed url   host: null,
6 verbose parsed url   port: null,
6 verbose parsed url   hostname: null,
6 verbose parsed url   hash: null,
6 verbose parsed url   search: null,
6 verbose parsed url   query: null,
6 verbose parsed url   pathname: 'grunt-cli',
6 verbose parsed url   path: 'grunt-cli',
6 verbose parsed url   href: 'grunt-cli' }
7 silly lockFile 671ef8ac-grunt-cli grunt-cli
8 verbose lock grunt-cli /Users/macuser/.npm/671ef8ac-grunt-cli.lock
9 silly lockFile 671ef8ac-grunt-cli grunt-cli
10 error Error: Attempt to unlock grunt-cli, which hasn't been locked
10 error     at unlock (/Users/macuser/.nvm/v0.10.26/lib/node_modules/npm/lib/cache.js:1304:11)
10 error     at cb (/Users/macuser/.nvm/v0.10.26/lib/node_modules/npm/lib/cache.js:866:5)
10 error     at /Users/macuser/.nvm/v0.10.26/lib/node_modules/npm/lib/cache.js:883:20
10 error     at /Users/macuser/.nvm/v0.10.26/lib/node_modules/npm/lib/cache.js:1290:7
10 error     at /Users/macuser/.nvm/v0.10.26/lib/node_modules/npm/node_modules/lockfile/lockfile.js:167:38
10 error     at OpenReq.Req.done (/Users/macuser/.nvm/v0.10.26/lib/node_modules/npm/node_modules/graceful-fs/graceful-fs.js:144:5)
10 error     at OpenReq.done (/Users/macuser/.nvm/v0.10.26/lib/node_modules/npm/node_modules/graceful-fs/graceful-fs.js:64:22)
10 error     at Object.oncomplete (fs.js:107:15)
11 error If you need help, you may report this *entire* log,
11 error including the npm and node versions, at:
11 error     <http://github.com/npm/npm/issues>
12 error System Darwin 13.1.0
13 error command "/Users/macuser/.nvm/v0.10.26/bin/node" "/Users/macuser/.nvm/v0.10.26/bin/npm" "install" "-g" "grunt-cli"
14 error cwd /Users/macuser/Ya.Disk/dev/bbwiki
15 error node -v v0.10.26
16 error npm -v 1.4.3
17 verbose exit [ 1, true ]
